<?xml version="1.0" encoding="UTF-8"?>
<!-- Generated by org.testng.reporters.JUnitXMLReporter -->
<testsuite hostname="DESKTOP-QQHIPVQ" ignored="0" name="Default test(failed)" tests="1" failures="1" timestamp="05 Apr 2021 08:09:27 GMT" time="0.315" errors="0">
  <testcase name="Login" time="0.226" classname="Testcases.Loginapplication">
    <failure type="java.lang.IllegalStateException" message="The driver executable does not exist: D:\drivers\chromedriver3.exe">
      <![CDATA[java.lang.IllegalStateException: The driver executable does not exist: D:\drivers\chromedriver3.exe
	at com.google.common.base.Preconditions.checkState(Preconditions.java:585)
	at org.openqa.selenium.remote.service.DriverService.checkExecutable(DriverService.java:146)
	at org.openqa.selenium.remote.service.DriverService.findExecutable(DriverService.java:141)
	at org.openqa.selenium.chrome.ChromeDriverService.access$000(ChromeDriverService.java:35)
	at org.openqa.selenium.chrome.ChromeDriverService$Builder.findDefaultExecutable(ChromeDriverService.java:159)
	at org.openqa.selenium.remote.service.DriverService$Builder.build(DriverService.java:355)
	at org.openqa.selenium.chrome.ChromeDriverService.createDefaultService(ChromeDriverService.java:94)
	at org.openqa.selenium.chrome.ChromeDriver.<init>(ChromeDriver.java:123)
	at Testcases.Loginapplication.Login(Loginapplication.java:17)
... Removed 25 stack frames]]>
    </failure>
  </testcase> <!-- Login -->
</testsuite> <!-- Default test(failed) -->
